0 info it worked if it ends with ok
<<<<<<< HEAD
1 verbose cli [ 'C:\\Program Files\\nodejs\\node.exe',
1 verbose cli   'C:\\Users\\Ahmad Rifki F\\AppData\\Roaming\\npm\\node_modules\\npm\\bin\\npm-cli.js',
1 verbose cli   'start' ]
2 info using npm@4.0.5
3 info using node@v4.4.7
4 verbose run-script [ 'prestart', 'start', 'poststart' ]
5 info lifecycle workspace@0.0.0~prestart: workspace@0.0.0
6 silly lifecycle workspace@0.0.0~prestart: no script for prestart, continuing
7 info lifecycle workspace@0.0.0~start: workspace@0.0.0
8 verbose lifecycle workspace@0.0.0~start: unsafe-perm in lifecycle true
9 verbose lifecycle workspace@0.0.0~start: PATH: C:\Users\Ahmad Rifki F\AppData\Roaming\npm\node_modules\npm\bin\node-gyp-bin;C:\Users\Ahmad Rifki F\Documents\GitHub\7ab2d3e30297610b7f59fada99658372\node_modules\.bin;"C:\Users\Ahmad Rifki F\AppData\Local\GitHub\PortableGit_d7effa1a4a322478cd29c826b52a0c118ad3db11\cmd";C:\Program Files (x86)\AMD APP\bin\x86_64;C:\Program Files (x86)\AMD APP\bin\x86;c:\Program Files (x86)\Intel\iCLS Client\;c:\Program Files\Intel\iCLS Client\;C:\Windows\system32;C:\Windows;C:\Windows\System32\Wbem;C:\Windows\System32\WindowsPowerShell\v1.0\;C:\Program Files (x86)\Skype\Phone\;C:\Program Files (x86)\NVIDIA Corporation\PhysX\Common;C:\WINDOWS\system32;C:\WINDOWS;C:\WINDOWS\System32\Wbem;C:\WINDOWS\System32\WindowsPowerShell\v1.0\;C:\Program Files\Intel\Intel(R) Management Engine Components\DAL;C:\Program Files\Intel\Intel(R) Management Engine Components\IPT;C:\Program Files (x86)\Intel\Intel(R) Management Engine Components\DAL;C:\Program Files (x86)\Intel\Intel(R) Management Engine Components\IPT;C:\Program Files (x86)\ATI Technologies\ATI.ACE\Core-Static;C:\Program Files (x86)\Common Files\lenovo\easyplussdk\bin;C:\Program Files\nodejs\;C:\Program Files (x86)\Brackets\command;C:\Users\Ahmad Rifki F\AppData\Local\Programs\Python\Python35-32;C:\Program Files\Git\cmd;C:\Program Files\Git\bin\git.exe;C:\Users\Ahmad Rifki F\AppData\Roaming\npm;C:\Users\Ahmad Rifki F\AppData\Local\atom\bin;"C:\Users\Ahmad Rifki F\AppData\Local\GitHub\PortableGit_d7effa1a4a322478cd29c826b52a0c118ad3db11\cmd"
10 verbose lifecycle workspace@0.0.0~start: CWD: C:\Users\Ahmad Rifki F\Documents\GitHub\7ab2d3e30297610b7f59fada99658372
11 silly lifecycle workspace@0.0.0~start: Args: [ '/d /s /c', 'node ./bin/www' ]
12 silly lifecycle workspace@0.0.0~start: Returned: code: 1  signal: null
13 info lifecycle workspace@0.0.0~start: Failed to exec start script
14 verbose stack Error: workspace@0.0.0 start: `node ./bin/www`
14 verbose stack Exit status 1
14 verbose stack     at EventEmitter.<anonymous> (C:\Users\Ahmad Rifki F\AppData\Roaming\npm\node_modules\npm\lib\utils\lifecycle.js:279:16)
14 verbose stack     at emitTwo (events.js:87:13)
14 verbose stack     at EventEmitter.emit (events.js:172:7)
14 verbose stack     at ChildProcess.<anonymous> (C:\Users\Ahmad Rifki F\AppData\Roaming\npm\node_modules\npm\lib\utils\spawn.js:40:14)
14 verbose stack     at emitTwo (events.js:87:13)
14 verbose stack     at ChildProcess.emit (events.js:172:7)
14 verbose stack     at maybeClose (internal/child_process.js:827:16)
14 verbose stack     at Process.ChildProcess._handle.onexit (internal/child_process.js:211:5)
15 verbose pkgid workspace@0.0.0
16 verbose cwd C:\Users\Ahmad Rifki F\Documents\GitHub\7ab2d3e30297610b7f59fada99658372
17 error Windows_NT 10.0.14393
18 error argv "C:\\Program Files\\nodejs\\node.exe" "C:\\Users\\Ahmad Rifki F\\AppData\\Roaming\\npm\\node_modules\\npm\\bin\\npm-cli.js" "start"
19 error node v4.4.7
20 error npm  v4.0.5
21 error code ELIFECYCLE
22 error workspace@0.0.0 start: `node ./bin/www`
22 error Exit status 1
23 error Failed at the workspace@0.0.0 start script 'node ./bin/www'.
23 error Make sure you have the latest version of node.js and npm installed.
23 error If you do, this is most likely a problem with the workspace package,
23 error not with npm itself.
23 error Tell the author that this fails on your system:
23 error     node ./bin/www
23 error You can get information on how to open an issue for this project with:
23 error     npm bugs workspace
23 error Or if that isn't available, you can get their info via:
23 error     npm owner ls workspace
23 error There is likely additional logging output above.
24 verbose exit [ 1, true ]
=======
1 verbose cli [ '/usr/bin/nodejs', '/usr/bin/npm', 'start' ]
2 info using npm@1.4.21
3 info using node@v0.10.25
4 verbose run-script [ 'prestart', 'start', 'poststart' ]
5 info prestart workspace@0.0.0
6 info start workspace@0.0.0
7 verbose unsafe-perm in lifecycle true
8 info workspace@0.0.0 Failed to exec start script
9 error workspace@0.0.0 start: `node ./bin/www`
9 error Exit status 127
10 error Failed at the workspace@0.0.0 start script.
10 error This is most likely a problem with the workspace package,
10 error not with npm itself.
10 error Tell the author that this fails on your system:
10 error     node ./bin/www
10 error You can get their info via:
10 error     npm owner ls workspace
10 error There is likely additional logging output above.
11 error System Linux 3.19.0-15-generic
12 error command "/usr/bin/nodejs" "/usr/bin/npm" "start"
13 error cwd /var/www/html/groovymean/7ab2d3e30297610b7f59fada99658372
14 error node -v v0.10.25
15 error npm -v 1.4.21
16 error code ELIFECYCLE
17 verbose exit [ 1, true ]
>>>>>>> origin/master
